# JRE version: OpenJDK Runtime Environment (21.0.3) (build 21.0.3+-12282718-b509.11)
# Java VM: OpenJDK 64-Bit Server VM (21.0.3+-12282718-b509.11, mixed mode, tiered, compressed oops, compressed class ptrs, g1 gc, windows-amd64)
GC Precious Log:
 CardTable entry size: 512
 Card Set container configuration: InlinePtr #cards 5 size 8 Array Of Cards #cards 12 size 40 Howl #buckets 4 coarsen threshold 1843 Howl Bitmap #cards 512 size 80 coarsen threshold 460 Card regions per heap region 1 cards per card region 2048
 CPUs: 6 total, 6 available
 Memory: 15773M
 Large Page Support: Disabled
 NUMA Support: Disabled
 Compressed Oops: Enabled (32-bit)
 Heap Region Size: 1M
 Heap Min Capacity: 8M
 Heap Initial Capacity: 248M
 Heap Max Capacity: 2G
 Pre-touch: Disabled
 Parallel Workers: 6
 Concurrent Workers: 2
 Concurrent Refinement Workers: 6
 Periodic GC: Disabled
Heap:
 garbage-first heap   total 148480K, used 98908K [0x0000000080000000, 0x0000000100000000)
  region size 1024K, 13 young (13312K), 4 survivors (4096K)
 Metaspace       used 108581K, committed 110656K, reserved 1179648K
  class space    used 14952K, committed 16000K, reserved 1048576K
GC Heap History (20 events):
Event: 64.388 GC heap before
{Heap before GC invocations=32 (full 0):
 garbage-first heap   total 119808K, used 105093K [0x0000000080000000, 0x0000000100000000)
  region size 1024K, 37 young (37888K), 4 survivors (4096K)
 Metaspace       used 83786K, committed 85696K, reserved 1179648K
  class space    used 11406K, committed 12352K, reserved 1048576K
}
Event: 64.396 GC heap after
{Heap after GC invocations=33 (full 0):
 garbage-first heap   total 119808K, used 70461K [0x0000000080000000, 0x0000000100000000)
  region size 1024K, 5 young (5120K), 5 survivors (5120K)
 Metaspace       used 83786K, committed 85696K, reserved 1179648K
  class space    used 11406K, committed 12352K, reserved 1048576K
}
Event: 66.595 GC heap before
{Heap before GC invocations=33 (full 0):
 garbage-first heap   total 119808K, used 107325K [0x0000000080000000, 0x0000000100000000)
  region size 1024K, 41 young (41984K), 5 survivors (5120K)
 Metaspace       used 86811K, committed 88640K, reserved 1179648K
  class space    used 11795K, committed 12736K, reserved 1048576K
}
Event: 66.605 GC heap after
{Heap after GC invocations=34 (full 0):
 garbage-first heap   total 119808K, used 72451K [0x0000000080000000, 0x0000000100000000)
  region size 1024K, 3 young (3072K), 3 survivors (3072K)
 Metaspace       used 86811K, committed 88640K, reserved 1179648K
  class space    used 11795K, committed 12736K, reserved 1048576K
}
Event: 69.046 GC heap before
{Heap before GC invocations=34 (full 0):
 garbage-first heap   total 119808K, used 108291K [0x0000000080000000, 0x0000000100000000)
  region size 1024K, 38 young (38912K), 3 survivors (3072K)
 Metaspace       used 89026K, committed 90944K, reserved 1179648K
  class space    used 12088K, committed 13056K, reserved 1048576K
}
Event: 69.054 GC heap after
{Heap after GC invocations=35 (full 0):
 garbage-first heap   total 119808K, used 74065K [0x0000000080000000, 0x0000000100000000)
  region size 1024K, 4 young (4096K), 4 survivors (4096K)
 Metaspace       used 89026K, committed 90944K, reserved 1179648K
  class space    used 12088K, committed 13056K, reserved 1048576K
}
Event: 71.440 GC heap before
{Heap before GC invocations=36 (full 0):
 garbage-first heap   total 126976K, used 107857K [0x0000000080000000, 0x0000000100000000)
  region size 1024K, 37 young (37888K), 4 survivors (4096K)
 Metaspace       used 91606K, committed 93504K, reserved 1179648K
  class space    used 12514K, committed 13440K, reserved 1048576K
}
Event: 71.449 GC heap after
{Heap after GC invocations=37 (full 0):
 garbage-first heap   total 126976K, used 75202K [0x0000000080000000, 0x0000000100000000)
  region size 1024K, 3 young (3072K), 3 survivors (3072K)
 Metaspace       used 91606K, committed 93504K, reserved 1179648K
  class space    used 12514K, committed 13440K, reserved 1048576K
}
Event: 73.191 GC heap before
{Heap before GC invocations=37 (full 0):
 garbage-first heap   total 126976K, used 115138K [0x0000000080000000, 0x0000000100000000)
  region size 1024K, 42 young (43008K), 3 survivors (3072K)
 Metaspace       used 94873K, committed 96768K, reserved 1179648K
  class space    used 13042K, committed 14016K, reserved 1048576K
}
Event: 73.201 GC heap after
{Heap after GC invocations=38 (full 0):
 garbage-first heap   total 126976K, used 76708K [0x0000000080000000, 0x0000000100000000)
  region size 1024K, 5 young (5120K), 5 survivors (5120K)
 Metaspace       used 94873K, committed 96768K, reserved 1179648K
  class space    used 13042K, committed 14016K, reserved 1048576K
}
Event: 75.928 GC heap before
{Heap before GC invocations=38 (full 0):
 garbage-first heap   total 126976K, used 113572K [0x0000000080000000, 0x0000000100000000)
  region size 1024K, 41 young (41984K), 5 survivors (5120K)
 Metaspace       used 97951K, committed 99968K, reserved 1179648K
  class space    used 13474K, committed 14464K, reserved 1048576K
}
Event: 75.944 GC heap after
{Heap after GC invocations=39 (full 0):
 garbage-first heap   total 126976K, used 79507K [0x0000000080000000, 0x0000000100000000)
  region size 1024K, 6 young (6144K), 6 survivors (6144K)
 Metaspace       used 97951K, committed 99968K, reserved 1179648K
  class space    used 13474K, committed 14464K, reserved 1048576K
}
Event: 83.052 GC heap before
{Heap before GC invocations=40 (full 0):
 garbage-first heap   total 135168K, used 112275K [0x0000000080000000, 0x0000000100000000)
  region size 1024K, 38 young (38912K), 6 survivors (6144K)
 Metaspace       used 100355K, committed 102400K, reserved 1179648K
  class space    used 13899K, committed 14912K, reserved 1048576K
}
Event: 83.062 GC heap after
{Heap after GC invocations=41 (full 0):
 garbage-first heap   total 135168K, used 80734K [0x0000000080000000, 0x0000000100000000)
  region size 1024K, 4 young (4096K), 4 survivors (4096K)
 Metaspace       used 100355K, committed 102400K, reserved 1179648K
  class space    used 13899K, committed 14912K, reserved 1048576K
}
Event: 85.231 GC heap before
{Heap before GC invocations=41 (full 0):
 garbage-first heap   total 135168K, used 122718K [0x0000000080000000, 0x0000000100000000)
  region size 1024K, 45 young (46080K), 4 survivors (4096K)
 Metaspace       used 103821K, committed 105856K, reserved 1179648K
  class space    used 14346K, committed 15360K, reserved 1048576K
}
Event: 85.249 GC heap after
{Heap after GC invocations=42 (full 0):
 garbage-first heap   total 135168K, used 83448K [0x0000000080000000, 0x0000000100000000)
  region size 1024K, 5 young (5120K), 5 survivors (5120K)
 Metaspace       used 103821K, committed 105856K, reserved 1179648K
  class space    used 14346K, committed 15360K, reserved 1048576K
}
Event: 88.699 GC heap before
{Heap before GC invocations=42 (full 0):
 garbage-first heap   total 135168K, used 120312K [0x0000000080000000, 0x0000000100000000)
  region size 1024K, 42 young (43008K), 5 survivors (5120K)
 Metaspace       used 106179K, committed 108224K, reserved 1179648K
  class space    used 14736K, committed 15744K, reserved 1048576K
}
Event: 88.715 GC heap after
{Heap after GC invocations=43 (full 0):
 garbage-first heap   total 135168K, used 87311K [0x0000000080000000, 0x0000000100000000)
  region size 1024K, 4 young (4096K), 4 survivors (4096K)
 Metaspace       used 106179K, committed 108224K, reserved 1179648K
  class space    used 14736K, committed 15744K, reserved 1048576K
}
Event: 91.487 GC heap before
{Heap before GC invocations=44 (full 0):
 garbage-first heap   total 148480K, used 126223K [0x0000000080000000, 0x0000000100000000)
  region size 1024K, 38 young (38912K), 4 survivors (4096K)
 Metaspace       used 107809K, committed 109888K, reserved 1179648K
  class space    used 14894K, committed 15936K, reserved 1048576K
}
Event: 91.499 GC heap after
{Heap after GC invocations=45 (full 0):
 garbage-first heap   total 148480K, used 89692K [0x0000000080000000, 0x0000000100000000)
  region size 1024K, 4 young (4096K), 4 survivors (4096K)
 Metaspace       used 107809K, committed 109888K, reserved 1179648K
  class space    used 14894K, committed 15936K, reserved 1048576K
}

